1456010570> buy product id=ypaindg0u7aj0hsmjk4d
1456789260> buy product id=kgj2ymn4f9wcsjqml9el
1456192675> buy product id=rvyeq2qbpuhewr00oo8b
1456966935> buy product id=v6ewykqxqb1qpsl12qim
1456693325> buy product id=hs8ruifts3dsqf8vdzz6
1456881298> buy product id=4w06t39kuc69vi2vuyz4
1456997126> buy product id=92q0lhwnfw3unqimo0l5
1456392254> buy product id=bladhlslbvouf6h0ma1q
1456542278> buy product id=v18l6nuomxok249ahaqs
1456246304> buy product id=4cqjwyom5r31fwaigue0
1456803480> buy product id=hnsei0h6kg9jrjynjvcg
1456500119> buy product id=o0b2qzrrufv8d7xdfqbu
1456403027> buy product id=z4emlpjh009ashg12tad
1456731600> buy product id=e0qniee08f4g8pmtv4x4
1456299917> buy product id=9ef4m93q3bsdtctn083t
1456380425> buy product id=f5vc575hr9l8thm3pcsl
1456582900> buy product id=5lz3hyh7tdfyo3bsj88l
1456563372> buy product id=jxp96tpyjkz6kyjwkf20
1456537337> buy product id=nppvh5wgr04ek5506yme
1456697999> buy product id=rzuqs72zdxfx8l0tae3s
1456287938> buy product id=r2wx1tqi471x9w0mz5aw
1456430664> buy product id=u88nb7eezrgy7ymba71z
1456866801> buy product id=ltlvhlkvpjuvtia8fv93
1456568554> buy product id=cs8xvyrygzn23re3hppm
1456758256> buy product id=2y4vu7x6ov928h0zfout
1456533200> buy product id=p9aoc7515vlmb1gfnzhm
1456571701> buy product id=3qev76g96d1v638lyx5o
1456698742> buy product id=d7vhrgsljsde40g3pnio
1456172964> buy product id=3nqpuo6piyewxp0y6ftr
1456485804> buy product id=i8g7xeqb1t5mz4yd3kgq
1456121117> buy product id=qyxpr9tn98whslkl7ly3
1456793150> buy product id=5hvkdjtfdrdwvj87kebc
1456557011> buy product id=wztfjuzrl35ym5scxiw9
1456152966> buy product id=lv5x687aesbi19kznsex
1456623905> buy product id=g42qzfaoova0t6sce2hs
1456492199> buy product id=lwipgq9nv5uxxbaeuoh9
1456917314> buy product id=avys8ua8zape2z6vm255
1456581184> buy product id=qtdxmnx4qkpk0f39c71o
1456237820> buy product id=kq92unzkpw0ne6h4z3cs
1456205296> buy product id=pf3v56iallvudbn61538
1456432942> buy product id=go8g7ld1h8a4anjvhp7y
1456118262> buy product id=er8wglj8n2xds74to6tw
1456987439> buy product id=nkw7492e2wdd5d5h0feg
1456437434> buy product id=m0qrn3ii0ucrj9nua464
1456397138> buy product id=5clpk7mrfk48u9ahucwc
1456096787> buy product id=z5jue0cvdiu2wrlp8v5m
1456416279> buy product id=ug6c0f7sjflovnqdz2h4
1456049153> buy product id=i0kuma2io4zgc950bf1w
1456400012> buy product id=uw52576luug7qsrs5xfm
1456966381> buy product id=eyvn4pudkg7wzztv8u2a
1456540095> buy product id=7pz21mcwp7trmxajdggx
1456943160> buy product id=sdccbwql06kky5y3jnkj
1456652167> buy product id=xk2jsq0g2yhj39c2g0be
1456164088> buy product id=8l68d1idgw0dpd5q4kc7
1456964463> buy product id=rmsyi1jd8xyfv9exahtd
1456286380> buy product id=3vlwglk1sb1q9i0ytvi1
1456657255> buy product id=6fo3wyyvtvz7l5t181pj
1456235070> buy product id=5ft5iqbl6znx8ah1yo2d
1456797592> buy product id=s63rrzmg860yfxwo9b1j
1456442715> buy product id=h07jo4jhhtkn5go5owup
1456839578> buy product id=qen5en75q2mf0b7bx64w
1456223655> buy product id=frxticjin4rff15yo3bd
1456038937> buy product id=m0y3ol8gr2eulwiq7as9
1456338261> buy product id=bsz4yyrm4rtkkzjmfv2y
1456646629> buy product id=r5v3tp00oapiq6ym1wgo
1456935690> buy product id=u3v6kuknwg0i8xb51j7z
1456001718> buy product id=xv0vc8ippucbmm2pag18
1456803860> buy product id=7nd7usqv1k58wwtss1i4
1456455788> buy product id=3h2m6gdxi2zaks18v43n
1456509583> buy product id=q5fcyll4cni06jfabhbu
1456756881> buy product id=5me7oqwzndwy2c4iyjsc
1456386645> buy product id=c3ywlw8dj69vm2fkf99b
1456269149> buy product id=fsjqgqbc7uh59d3489ok
1456467714> buy product id=i128m4hxgy85r89a4hzb
1456559417> buy product id=96d0xg10gd9kn50b1drt
1456372405> buy product id=sg4ewc2xthfh2934wstu
1456133805> buy product id=rpuhyxted1o1zjk1o9z8
1456689701> buy product id=ccsvy4yyfxto71drwv93
1456440850> buy product id=9vie3l1wes5jc61wucc7
1456696044> buy product id=ycm8w1xu81b1d30mhrvf
1456581294> buy product id=wvb6wqx0ghmzavcg5qi0
1456648685> buy product id=ouo3dy965vuz1iiswr9m
1456265576> buy product id=79my7uaimq5bp7mogfnq
1456691218> buy product id=apklirh9st6vn2inik3t
1456162359> buy product id=s527i8ns5gk3gig7eh5q
1456135044> buy product id=1e1jtm8jikrcvn5d9614
1456457560> buy product id=6fx4498tpnj0aiiw6t6g
1456492260> buy product id=5sffno9nf7bjikgzvbfw
1456131826> buy product id=c6puosdtmuigqd6rjg4a
1456104678> buy product id=csynpigmluadhv1edota
1456290066> buy product id=9njiz6lp7rn9dwu21yzp
1456313131> buy product id=oifvx5ux6qp3kx1jdxyn
1456650600> buy product id=xa98c79esr2hc3ge6vys
1456693705> buy product id=sr1g38n7tyt9n2ebq5v1
1456093128> buy product id=slbg7qjfbz4u5wfamyu5
1456190061> buy product id=vscwg9mg0rg0vt44z1aq
1456071815> buy product id=35u0c7v9jccbbooabssf
1456622256> buy product id=62amh5za0wp2u7rirz75
1456203485> buy product id=m3m6ctfjqy2ykby20gzi
1456439890> buy product id=gpjr76jn74k287fgvj8f
1456021921> buy product id=d53xy60flulobpxyk95c
1456598259> buy product id=pfakituwoyk93ysy13x8
1456721431> buy product id=ffy1cbvbar2ffk7idiqn
1456602503> buy product id=ebplvzwydqbh53qhvd9l
1456522846> buy product id=l5khfbi6xvww3ex5ygdo
1456885879> buy product id=e8hiw4djz5m8bumjmw3s
1456589761> buy product id=1gpqevro3kdf2zapb2g5
1456036125> buy product id=hchx0326awleppky25mq
1456492228> buy product id=64de937eyx9uj16649yg
1456401250> buy product id=gz7bo7msypa94bn9vjee
1456863718> buy product id=3r5jz8p9e5kmdxzo74i8
1456008885> buy product id=amsmbd0gvzsxvmx0u752
1456880138> buy product id=5mt42dhe5r2jzclf6ohg
1456608294> buy product id=q39tipwlsrr9xypkvtn6
1456296855> buy product id=vsk47cusm3w7xsixxgw6
1456926298> buy product id=4jwkk0p52ipnzsqw97dm
1456322740> buy product id=zrdoao2paxbc34ae2yj1
1456801428> buy product id=5p1lg0gune0yeexws6ee
1456809967> buy product id=8vyurmo2ou3mt7ve59qb
1456175287> buy product id=ditjuy8hrsowwdjiod67
1456071650> buy product id=obvcywqw11nafvk1t7tk
1456234176> buy product id=4k8y1qah4ny0c8yri10y
1456176394> buy product id=cq8ezlchpmg8r8lngimz
1456959970> buy product id=64hg10eh6jstsxv5qa73
1456834578> buy product id=dkkwm84kvajb0cf4d77e
1456544376> buy product id=qf292uw3vxcisw0uf9zm
1456000514> buy product id=lizvxybqs1jcgejoo6ba
1456676520> buy product id=5i2nuz9166x29871x2e8
1456631182> buy product id=qrw0hvzzyy6wmc7ba1pp
1456034378> buy product id=28pbrq2ug0pz6o9ppx4j
1456645153> buy product id=9pa82irouybscgi6bd9x
1456096816> buy product id=df9bh0p7dpb4xfykkish
1456666370> buy product id=9nbj0ce1elop3pwshjyk
1456513874> buy product id=vg0s4gtfuqm9kea75h9e
1456107641> buy product id=1ytq337uu6tgxw5sh88m
1456721212> buy product id=4w5968ofy9cpov4nb4gy
1456253629> buy product id=6q7zwh1u73fff7jv02sb
1456021058> buy product id=1tlleibjytpqmchwwuxq
1456634892> buy product id=224ypm33h19mrk4y234v
1456719846> buy product id=3d6df40aj0cbyxtp30df
1456889279> buy product id=okzn7dp62kblm2a9kk2x
1456534885> buy product id=7d6kmwi5gvhuahjtz73v
1456815046> buy product id=o9d4zl9xnucvcavtkhiv
1456216815> buy product id=0obwr835dtgznmlg38ix
1456410103> buy product id=pl50rujn9u6ypoih9qiw
1456039064> buy product id=4qdkhvks4oj3u0hl0pnj
1456746061> buy product id=ih43urfuznp44gi3c0ue
1456588679> buy product id=inwi9tik4e4p6r2kwl7b
1456566287> buy product id=48jcr2khjtuzhcg4t5td
1456457362> buy product id=7r7ry7p3udr36c7h5xoe
1456914889> buy product id=oygq4o1nwcw9uluuacj7
1456958009> buy product id=61dqi1dpupg8kgcujye4
1456274285> buy product id=ft22tx7d6epwfekencmv
1456209808> buy product id=nbyifj1e9b0tyr2ydlba
1456579103> buy product id=wq20x63b0a3l4paujlvg
1456491414> buy product id=p29y1k5d03bmwfw5613m
1456673895> buy product id=3kxphdl9q9qd1ewdh7z7
1456411489> buy product id=mtx44779gaoqaeajthnw
1456383280> buy product id=2itsivcmm3sucvbelpk9
1456662745> buy product id=qq9k94tzjt3e71gv4pbi
1456960838> buy product id=kbstnmdzq23gbndl4qr1
1456366265> buy product id=wueemameuk1r2ar2p9xk
1456516812> buy product id=i8cq29a8iic01y8us0d6
1456308485> buy product id=r0xy9sm284e3bgbh38wj
1456681300> buy product id=ew0721s3ecxr1gdw4yyd
1456683585> buy product id=btjvt55ovg5hjth66qgb
1456475287> buy product id=5petenkeew2tebuluhtp
1456328967> buy product id=1m4bd9xiqv7ha9llkhwz
1456728782> buy product id=hp91sivpdbih0ojfcx35
1456080171> buy product id=f3ua4mxqy50l1jw41kis
1456652533> buy product id=nhkr386bwgjbve2qxt58
1456417151> buy product id=0x0vupyd2tu0dbegaffj
1456378393> buy product id=8q3dxlxgp8kteg3id3ay
1456299931> buy product id=oc98piy89z1p9g6b1qev
1456959837> buy product id=6u85ut3lhe8185jxrr3c
1456224767> buy product id=v7v6rw74rx38s9ufwnnk
1456342568> buy product id=du7p8e9p0k630sue8stf
1456497417> buy product id=9rhu9mq0pof84oq2w1tn
1456783833> buy product id=l8uiun3nkd6800v5h9ni
1456949141> buy product id=q1mz5iljdmczzxrcbow3
1456461583> buy product id=thjarzl203lkj7et1idu
1456701673> buy product id=flqui2tkjs8b39ypc81s
1456283779> buy product id=i5et7fsp2gzln788waby
1456040559> buy product id=611px6a9ayiofqfp5zkb
1456300038> buy product id=10f6fsbcyyjfrkaseagh
1456164114> buy product id=1zl4ecvsf1mg7ikimzni
1456383371> buy product id=978eailxa466h2izs62h
1456828673> buy product id=usszluxylcidio2iwurk
1456099857> buy product id=ukup53ntgqz8ehvenwsc
1456032715> buy product id=3f8uegsv2zokzbv9a4wp
1456319442> buy product id=l5f08v6wek6wwljl7x0i
1456691535> buy product id=yv778cxuc6trd41ea7g8
1456908400> buy product id=bprlc8nbefmqrv2sqk8q
1456814618> buy product id=1zjx7uf3158kdz6cv7mr
1456145647> buy product id=cio7pnqqv7t30kghq7y8
1456195713> buy product id=rpkffhlh5sff8u3hy14o
1456315918> buy product id=njwqw1xfva8oj9auwr8s
1456561574> buy product id=4zdiqbp0glwjku7cfxqc
1456949063> buy product id=3afu45a64gm0vsd4d3ld
1456592775> buy product id=mr5xx3xvhsa111gajbnm
1456479553> buy product id=6c76im7o7590k21w9awt
1456829443> buy product id=x0ca4ab5fr02soj3crgf
1456178712> buy product id=d6lptdkdpw45bcr7xfff
1456109067> buy product id=a4kup8o328l65cg5s2zc
1456336910> buy product id=cdib5r8qmolm93642l9k
1456491360> buy product id=8reiku6rykzeh8hokr41
1456052430> buy product id=vpa6v7gm6jxp8a21odk4
1456152671> buy product id=8baq3iap12bf1uzp6gih
1456569953> buy product id=apjp1d5ad6c09sssh9jb
1456819197> buy product id=rufc7p2qpewpdyujqwzm
1456513641> buy product id=97gav68o0hne6f19kl51
1456903670> buy product id=gok1sfngi2ylgh89i7nj
1456004884> buy product id=uqneq2y13al25hvi7w7a
1456696927> buy product id=m2740quxdzqfnswunuk1
1456809495> buy product id=fc23hh6orw0hul16v2ek
1456956027> buy product id=68kis35liz7xu84t109x
1456355304> buy product id=8eg0tnx8ay0e6xngn87l
1456560056> buy product id=ph2qtmycuej90zvz2fok
1456026387> buy product id=f7fxwfz9962hn4f5gcf7
1456002274> buy product id=99p799j86hpd0jxlr1k4
1456250497> buy product id=o3p4zlasqlzzq91kszju
1456059552> buy product id=kcejj3jmoozcazzs5od0
1456991614> buy product id=d8momj16t4m6tg0grmv7
1456173709> buy product id=6mbexqd29tpn5vc9p3n3
1456760937> buy product id=ha1tcstq6ijxpigtdqu9
1456326998> buy product id=09qhqdwdyyb6pnsdawkv
1456102269> buy product id=i76wp8elgxxj65w5zr21
1456722556> buy product id=xrrgoapofci4vpmaj58o
1456871352> buy product id=aytd9owd47x9ijtu2jjj
1456040650> buy product id=hru7x9ipa91498f8xe8b
1456838772> buy product id=il73fzu2k6hd7hjuee00
1456598292> buy product id=fcc3n3nhyvhn0ekuxpp1
1456594744> buy product id=nqchv7zejywwm0n62mcm
1456333354> buy product id=uq3hm6b1hv8anu4lo2aj
1456757386> buy product id=tojr25urrij4f1wl7ju5
1456328276> buy product id=ipr5kobzq5wpirornz28
1456886528> buy product id=it20dgli221xbva1vx6t
1456640717> buy product id=9u7vn3lh4itx65qzdys9
1456864855> buy product id=y5wr96y3t9gp4jc1a57q
1456953533> buy product id=gdasl983cjptrx237s2c
1456359889> buy product id=35llckqs2bnyi06riwwg
1456370221> buy product id=yewabwiuayyqlefdtk90
1456106151> buy product id=zbabx4nitilgeey118zr
1456231929> buy product id=u9avb79cr2sbw0uefh34
1456828485> buy product id=coiizc1gw04t1fzdsy78
1456226615> buy product id=gkfh4fsehcz4wqe8oi8b
1456387165> buy product id=18rslrrkd09lngcyc2nf
1456148434> buy product id=x4e7c4r1mz3v86vd26bk
1456035017> buy product id=9ogyo7cbewe59gimsxd1
1456900226> buy product id=atsdp7bqf4qvb3200u8m
1456492884> buy product id=vreyn5qx4w0g9owpdiez
1456349807> buy product id=4givowbqu2lr73vrtood
1456257643> buy product id=arovpy4q5bmmy0f576lk
1456532731> buy product id=qp8rh8vk19qtgb5uz7k9
1456925257> buy product id=13niklwpin14i7h2ca6n
1456651412> buy product id=h75yz7qzymake6wg0z3i
1456959794> buy product id=u4ou0u8y54vuwork8l7k
1456854829> buy product id=9e4l3tojvupkzd3itvx7
1456083656> buy product id=8p5vokj794girnqczyax
1456096869> buy product id=mto55yyd05zhqake0oy2
1456779461> buy product id=395ozj3ht91j3gyx66nx
1456002946> buy product id=rjebjg5c4l9bgu3fll8r
1456599796> buy product id=9vo8je59p8ki8dxa2gpp
1456043765> buy product id=240ch3rxxmxa7ptvzops
1456685434> buy product id=brf72blkfkhmhz84ezlp
1456605422> buy product id=gy5cw6o406pwcbfekfrx
1456401814> buy product id=4ozla86uzwx961lr3y1m
1456389516> buy product id=l2nsmu92uva115pzvyfg
1456928324> buy product id=mvtb8gpdeclukykgd0ib
1456110143> buy product id=vypri8heeuga5iqe85rx
1456753578> buy product id=jp3w8874iob4fz319ieh
1456605834> buy product id=7m8tew0urs8vb8ao62wt
1456348158> buy product id=luemow0cn6xubyxo9a0c
1456402086> buy product id=dngl5qu7x6ldej5bbk1z
1456590603> buy product id=o5xwxp8li5buvdj63lh3
1456401795> buy product id=jyek6e1mugmigkxuk02p
1456195965> buy product id=gh9ry6k89lr9p6v7wf9y
1456842531> buy product id=9ebbwcweefsfdp0zaewn
1456485520> buy product id=nmtai2kkdc4h8z1ewfjf
1456795627> buy product id=i9yzp91430h1adjodh2v
1456131425> buy product id=nkhhxbmwyn2d29s0u6iz
1456779680> buy product id=cwnd9c0ksswzrudjsrko
1456282060> buy product id=rb4hhqr8e3fuyvvmw3ao
1456673428> buy product id=myfzr89e2rql9ox776tc
1456361953> buy product id=oicvkmiu3q4upk7vw9op
1456708771> buy product id=y5bik3084m5yy1bfiozi
1456895090> buy product id=nw3rgqknn9eie5rj5o4b
1456793270> buy product id=rgjm6fn6ly7opa5of5so
1456327588> buy product id=wv3z9ldcl86ygho5orti
1456918601> buy product id=bjo5647vf7d5hj0upc8x
1456195709> buy product id=n7d4khr0u3bot8ruu47m
1456769247> buy product id=m28vf7q6ggqtfmegrer0
1456474615> buy product id=3gmxprjxpjf9q4z07co9
1456479248> buy product id=nvnjbjz4rxc2qmxgc7yv
1456349396> buy product id=20mwxlo0wrle1s98o7jv
1456176498> buy product id=wba2hla8j115z98e1yp9
1456809087> buy product id=zaud9ytt12mwvl6uyb7i
1456202779> buy product id=s1bm2ps8cxxrrgxap48q
1456010017> buy product id=5zomkigap9l6tc2769cd
1456017503> buy product id=46gauqyjkcqw9mxy58wg
1456450928> buy product id=72zywqbjr0et7kq5q5ct
1456243836> buy product id=n558vlxcwhzmizpsgz25
1456460566> buy product id=u7naf36mtyunqq9oxgoo
1456210578> buy product id=85uxlvk8e6fdoa15cwut
1456716830> buy product id=rl7mgo2uybbaams0rvgc
1456373408> buy product id=pgbwt15d3yc8j9v6lcei
1456557696> buy product id=y7gznoso6z7y6i97zql1
1456041893> buy product id=up55dvgbb98wysz5r2cw
1456450507> buy product id=favxw6s6ezznccles4th
1456960458> buy product id=xrpah0t5ckcxsf8h76xg
1456434930> buy product id=0hiho3bphj6h7d8h1byd
1456609815> buy product id=4r2dzgg1eeg3gzkc95gq
1456805634> buy product id=7ru7xkwyif1f6me5cdzv
1456287980> buy product id=fakxv7g04whuvt061wnn
1456135255> buy product id=12bd6u9cw5p3t1rv3tio
1456930761> buy product id=he3ynh44nzte92b3uiuw
1456243367> buy product id=nivyealczby4xae7uh3j
1456288458> buy product id=1yla38w3h9ql7a9q9k2q
1456919608> buy product id=fsvu1mpz1k8sbg65hkaq
1456735563> buy product id=0jzu3t2wbzp2plbv4ecn
1456349407> buy product id=jl8g3svos881ses4yq3y
1456780639> buy product id=a61rwktpiw3oxd5y9ynq
1456783191> buy product id=wyfb4qiizfo79zlj8njw
1456114840> buy product id=wzgim0nlyk86y07ob4to
1456679652> buy product id=p8sgtxe4jj702a90up6u
1456033752> buy product id=7brf7eava4xsjx0n3q1j
1456302389> buy product id=72qz5bmd4mnoo0q3qno0
1456637350> buy product id=qzc9gnmhkcayt53vt7oi
1456818669> buy product id=at0zdy0aqmiwomzojlb5
1456361360> buy product id=4fm8f1nkq4q0w0xvpmny
1456049986> buy product id=r2cihbaryr3ev31r9ilm
1456435847> buy product id=6aho3vxtvc2bjhayahw1
1456948774> buy product id=j79i4d6i7snwtxbaf4u7
1456303897> buy product id=weln777q0j2ts2qam4y5
1456071265> buy product id=c7hz0k4h7d0oldh0nmxf
1456667384> buy product id=1oodosx86l743yhm8apt
1456033563> buy product id=m53ik0qgl616idd8od87
1456341532> buy product id=fx06ba7boku4tc529esn
1456923709> buy product id=eal52jacoy8zfqugdxwo
1456563060> buy product id=q8l2nc2dzmrplztbu4yg
1456737330> buy product id=lle11uf2cd1fgn2ymqvi
1456894869> buy product id=10swo0u6drv4pzw7iief
1456304353> buy product id=b8ohkx1wuzsdfpeikwso
1456211566> buy product id=e5qpel4blfwyrk3e8jvs
1456314664> buy product id=9h3c3li96hb3ic0hgn9z
1456479270> buy product id=5g0dppwifwn7wgcj76jr
1456133361> buy product id=tst8k6jquccd7aifn735
1456773180> buy product id=jy5ui8jx4ahybdhwxeh2
1456839688> buy product id=wespo184ikrgis5w4rt1
1456845009> buy product id=8d7i2vqz1nce16x78fgb
1456052410> buy product id=chnxofli36u3cnmeziwx
1456562446> buy product id=7zzdprko4kk1wnwbogx8
1456893452> buy product id=qpiyqx90mx4xxemufyhz
1456956139> buy product id=en8j6wvxbspa20xq40tu
1456188833> buy product id=axygz6ht92oe20j91594
1456844751> buy product id=ceofk9e3xtifmyu9msu2
1456245563> buy product id=z1f4ryoy3jl4gxnsitkp
1456218288> buy product id=xely0hiw2nzyzonjv9a9
1456182732> buy product id=6219ulem6b7qc83tocp2
1456289771> buy product id=9710xpe5ddvokooxyof3
1456444988> buy product id=xkypciude1v95poeohd6
1456720226> buy product id=vf22ilnjkd3o66mfelgw
1456889183> buy product id=uhvn8mqurth93awwi5h8
1456092742> buy product id=8co8un0ufr2lnt78m1wc
1456874501> buy product id=w7oeb9uo12umq2x5er0x
1456277727> buy product id=fc26ntj4npx6gurbx30h
1456916529> buy product id=pli76ajr2x3xq7d3rug4
1456259189> buy product id=8xlhywtmtpfxzlrc8lc9
1456012648> buy product id=c7m90fd1eevh3jxudxgu
1456663386> buy product id=b5o5una1dfnj6bx2l9cr
1456870088> buy product id=9lw07ym1tgmgohlnxptl
1456351303> buy product id=5jzmb7l56uu8o26ku4qb
1456795607> buy product id=s6rc3m16wujw3qda4pl9
1456851370> buy product id=sw8bxqdoi8z9l85ftfyc
1456018075> buy product id=13cotp2tdwvi9otpfuv9
1456634360> buy product id=zg6ih03o31gc91lgijbv
1456796297> buy product id=a51dnv6hddru1514xq8x
1456784544> buy product id=qqmault33rvxj3uhqo8z
1456258020> buy product id=yvh832wdgk941tx37417
1456588983> buy product id=z44chr3rwy357gy2tn65
1456910507> buy product id=hgrsdkbd00635ea4i84b
1456905870> buy product id=xo3n2ogy1lid34kfhz1k
1456823112> buy product id=zupfefr9hqum7nlgvgyn
1456635459> buy product id=jrm2ph4ei3yzufh8v2ya
1456332226> buy product id=m4ph1ued6p9a8t796plv
1456204076> buy product id=oqpep7zb25ddcyjrf2lh
1456316853> buy product id=1wdn02zrnhwq3rl86rap
1456947074> buy product id=biqakiya4tivq0dv8bd3
1456622590> buy product id=nfquomi5j5atybnfy047
1456483960> buy product id=ozo13memzn7lsvec59vl
1456916888> buy product id=wv4eln5bhy015maoy5ay
1456903914> buy product id=2c109fajditwgwo67sfj
1456643818> buy product id=s6mon5o506vymd03323w
1456434094> buy product id=eoxxbaeg2h36lm787ozf
1456411622> buy product id=q8r5zvvrvpo9z7cwwnui
1456206762> buy product id=qe2l3r0trlml9jjrdqnu
1456907894> buy product id=xihhtqjb19mqlintzlmv
1456858345> buy product id=8bh558ocg6xwg1vpni59
1456254065> buy product id=p39ko0khw95g9mb8d1dx
1456971486> buy product id=zbpji818glovurjdmypo
1456245263> buy product id=3cfl0077w335b24i7fdj
1456020639> buy product id=ocn2bq268s8ek1ncoxga
1456615588> buy product id=8amj2cgcitdnybdw81kk
1456159081> buy product id=sbes1php25zc78zvwppw
1456354672> buy product id=lnq52u7wforg33fnmeg4
1456675414> buy product id=3tt01vasv9um6luss0dl
1456846321> buy product id=x0mfd7hoqaneq42qgpxb
1456881053> buy product id=wo6inoqnpu3lq03pcys2
1456006676> buy product id=ewjaj7hfa2wtah5kbrab
1456364495> buy product id=lspsn1foqdwz8jl92pmv
1456623917> buy product id=jg5fe5c9wsy1oo3mmiw6
1456809121> buy product id=rgfahnkfkozu25lte4no
1456435136> buy product id=7mpokon72gjoy9l7hnx7
1456825374> buy product id=f1nhmlz260acjerr3z5v
1456702954> buy product id=59rsonsf9f4xf8hc51lg
1456738057> buy product id=11k4w0eywt627fej1oa1
1456295462> buy product id=l2mhxobu5vlmewqjkx6i
1456816946> buy product id=prij964y1ztl7cvcft1x
1456057714> buy product id=p1c2uc4dzrovfbni4wqz
1456147011> buy product id=7o4pinkbd38ygbsqximp
1456802938> buy product id=ve320e5ufgzpwarhxni7
1456119307> buy product id=7rd2ciaqcxm6avmxik5t
1456966209> buy product id=3h0mspee25qk9903ztk8
1456888615> buy product id=lqnnisxsche40rrfp0v1
1456362021> buy product id=hj484lct4mnuspidtdh5
1456180816> buy product id=2r3ty3brrep003vgwelf
1456685466> buy product id=iibkhfhgof4l0eramhd1
1456914564> buy product id=e0iwgvtu5djgxatkxe7z
1456532738> buy product id=aryhaz6b8pmmqyt262w6
1456353905> buy product id=69mm57s4owj1n43w01ke
1456666701> buy product id=jzt1angoqn6ks7dr39fh
1456494109> buy product id=lzhmx6f05f50km6ak82t
1456987903> buy product id=7v1qahhgzcrjbecvm4lk
1456250278> buy product id=eibguqi6oo27t6ecb0yk
1456777710> buy product id=s8g7yxwu3wcgrni2tx93
1456109859> buy product id=rkvh46dpz1nb1v07rj7c
1456436333> buy product id=fhsfpiagt3js4oxbxusp
1456688533> buy product id=fvlhfi67tcftxq4gn1go
1456280890> buy product id=we7ejb2zzg1gwirm49p0
1456874747> buy product id=5ppl0t9qkmdb0ngyls31
1456309341> buy product id=fm1hg4hl2btwim25v58t
1456769005> buy product id=klzjz079r600eoszlsrh
1456600771> buy product id=gayuqlx55gpb34d0m5zg
1456813221> buy product id=p4bg7m6j2t2rwslvdw3l
1456603824> buy product id=7fy7jnoofs5hc8p8llsm
1456125650> buy product id=m41zywj1mdx1d4w7omu4
1456930358> buy product id=bkn7m8p4iq39n32l1b4g
1456256365> buy product id=062af3mlbo4hoihlh48d
1456486780> buy product id=0h54x5115r6k67gnp7oc
1456995271> buy product id=w4suqq2xhyp3cpnzrgyl
1456961084> buy product id=qyc9p7r3adetkqgd0f6v
1456489679> buy product id=qjtx1bhldh5otmh9nskx
1456384396> buy product id=f60lkd8ynbogbjmk68t6
1456382849> buy product id=aqk2tjrrha1piujspkyx
1456835229> buy product id=2o459mwe1z1wgiekd1cx
1456490479> buy product id=s1gslh0yok8qau2f4jz5
1456787298> buy product id=8dmrh4vfujum1bk59y7f
1456183264> buy product id=7x4dw807y50hiqh7te3t
1456913003> buy product id=pee3ihtuay5k9o472a9y
1456143759> buy product id=78k8uzyzukoui4zpqm6u
1456723915> buy product id=xxok2clud5gz2ea2jj3i
1456242100> buy product id=nyctlw2sw481vkrr9gv4
1456158673> buy product id=et0frw7x5wtv682z5jz2
1456500713> buy product id=oge8s6ljk2fnrkkes8ko
1456743311> buy product id=f5cuhh8z0xuw7a6wk8bs
1456245410> buy product id=y2753y7fc4vgg63x19pw
1456128258> buy product id=9339rhpakm1uqrdt41ot
1456219495> buy product id=k26cti47t4zeof1m7nck
1456415619> buy product id=d04h01ttii78u8za9p3m
1456735074> buy product id=wa1g1hskai4xe89wsb1l
1456762410> buy product id=pqcpexu7h52dcnp6z74u
1456780601> buy product id=opmj2w060bv4j58a384f
1456770530> buy product id=1xbizq6e2bqlfx8ic2rv
1456655491> buy product id=tngvge8u40m7vbd4pv33
1456905540> buy product id=uw90kb2pv65t2eow54pj
1456873716> buy product id=4ot48rwftq1mjf3kfd5s
1456408890> buy product id=3gi0z6lmkgyfylf6kws9
1456968450> buy product id=f6dy7q3r8or3765375rr
1456788538> buy product id=r5igh2dxx0rdmydud3vg
1456637856> buy product id=ieb7l72qmeraw8txqbjv
1456256419> buy product id=wa2ki0krpuxq13hbgqms
1456639292> buy product id=hgyn0qljfb3zimr7g2ic
1456668918> buy product id=upd7iydz7ot7os9hg2g5
1456750321> buy product id=rwzqrfen060po8zcxohx
1456519939> buy product id=id6dtl0z9kam8n6pjjjp
1456677459> buy product id=611kdguobcmnc6859yap
1456348298> buy product id=p66lgxsprmm5rawgj8fm
1456529853> buy product id=6g75mpingn7ruox1xal9
1456183385> buy product id=z4r5231kb35uytvvkhj1
1456230357> buy product id=afa56ignbwfoy9emm54t
1456337961> buy product id=da92hmlbgs3z5bcwkh3d
1456384467> buy product id=epoigdwvv8x2wyi487lt
1456420333> buy product id=3nnbp1p8y9zd4n9m2m5e
1456740158> buy product id=ae72zijjpy0xz2c2dyi8
1456807938> buy product id=gip2dzb4m7j631ah268a
1456226037> buy product id=fvvwvwgffmqwwja6ua8l
1456179742> buy product id=731bgrqlvw304w0d3hkt
1456701437> buy product id=oorv58usajzhwel9dql2
1456001303> buy product id=4gqixdkiq7g143vf703e
1456086854> buy product id=mlpx7iam00ljn33tsnif
1456804882> buy product id=sjrg34ipborhw2jwwwkw
1456541851> buy product id=4bntw1bympp9ig4hvkrt
1456721652> buy product id=gp0hc0fa9urn21543s0a
1456112382> buy product id=fh8edpp4dy8bp247un8m
1456409427> buy product id=tgqfni5srpuxlk9y5ihp
1456122947> buy product id=paaddtxkri3xw6pmf2ek
1456187261> buy product id=ehjz3ps2o3e49ebnscpm
1456595851> buy product id=66zh7ntaw1qvspycu9qm
1456081873> buy product id=f0pggcj1jn80c40rujrt
1456108107> buy product id=lok0aynz37hlmmtlirsv
1456337877> buy product id=qmqeca3lr12ktt8k0fvy
1456734639> buy product id=gko8pe0ctf9syiq2404q
1456219296> buy product id=qd6r1gtjny8ajskoed6v
1456322622> buy product id=j719hlp72wq1shgikofu
1456045719> buy product id=u243ixhr44l6i8z6i0fv
1456673270> buy product id=bzxxtz9qresutb5hbpc5
1456496257> buy product id=ilwv8hafhmsn18v690o0
1456492229> buy product id=rs0ljr7dk9xgxejo01hm
1456539572> buy product id=bnka157oyo8unfsph5g3
1456977290> buy product id=phymgeaprn6bni765g0x
1456739964> buy product id=5qw1h1qnxsyji5f76qw4
1456731508> buy product id=ik1apz2sgcmr24kqa1zb
1456297731> buy product id=0g53d2yo3xazwej3simz
1456528160> buy product id=rwxsq0m4u7rew6qm2cl1
1456295639> buy product id=4sbigyi4p9nk9bobd6vw
1456801177> buy product id=qw7yx97m4bzhk0c0s6kb
1456120609> buy product id=pcjhyfb9nru91tnv09ew
1456006770> buy product id=oc330vd6jpz9rnalt55t
1456263093> buy product id=vwpps3ed0b6ulaoz78u1
1456965698> buy product id=04dtcniqbudndm43bbyh
1456900651> buy product id=batrfkji6j65qstkkgu7
1456391866> buy product id=vnfzh5ghzox75rw1fdv4
1456110702> buy product id=ek5phamowdrrgza9beyv
1456787487> buy product id=oa7g1u9t8z3e72ubwccg
1456415817> buy product id=60gy8fbifgratcaq0om4
1456328253> buy product id=57ek2uowjjohef6xo8yv
1456257613> buy product id=a4ygrqvmitap6blrg9af
1456618630> buy product id=bbi02lvl565c1b3t29y4
1456097732> buy product id=ya0inb1kdxclz8k0nanw
1456646704> buy product id=wiukbw2mw7ojn4h74hog
1456433466> buy product id=qy8cdi59z136238fayhe
1456672822> buy product id=e81uf1e38jpk8p3wuxjq
1456463554> buy product id=r1sz3ltbmly61bg61llr
1456398586> buy product id=nvu5410vhn61r8pjocqr
1456998960> buy product id=scw0gap4gtk98wr7c7sl
1456271138> buy product id=x9pvuws7eku1rwu4wqf5
1456042283> buy product id=x7awudbrl0exlvarc2br
1456700823> buy product id=6ki1ofqtyqlumqwyk1dn
1456573739> buy product id=190o0xt4wltvssssxcp7
1456641276> buy product id=3nzrx4mertldure3nbhb
1456772426> buy product id=eym0tqo358nq8fypo671
1456010644> buy product id=zple6mnpqizt0qgag1om
1456195010> buy product id=2d9sanxtvrjqq6980qvh
1456630391> buy product id=aw88toalb2hoozf6m8sr
1456302494> buy product id=65liu3nab7k7l5nbpocg
1456460922> buy product id=zv7tcdrxxyqznrgvvy97
1456304235> buy product id=8vfbvj8m022q0a8okrzf
1456969703> buy product id=quqohl1z7ogh4wj3rbp5
1456423186> buy product id=44jeceb94kdpad0owsnq
1456498113> buy product id=7wfaqh5j8sjiw73349cs
1456743814> buy product id=k0etiqixeuo3046rlujp
1456230591> buy product id=kargehxzrk5cfb9umz9z
1456102052> buy product id=1p3dgwl175r1qcvf2b88
1456413788> buy product id=eo9c3i1scm85dtovfaa5
1456697116> buy product id=g9h6j8sfnjcnsni7sam5
1456761976> buy product id=oplysnz1fjnxw2xcy9g0
1456441545> buy product id=om948wjmv6ckzvwkl8pr
1456546321> buy product id=66d62k7ewqn7i1gmczgg
1456171423> buy product id=j7p6yratd3bfd79uucn5
1456168743> buy product id=h9xcp4iv2gqw0ssj1osq
1456914494> buy product id=lhxko2t0fs3hd6a6ayhd
1456101722> buy product id=j98shzwizk2f9jbd1fcm
1456315095> buy product id=koh1nschatv4lumeupin
1456486645> buy product id=judw1qpghs30yu5o8nws
1456325363> buy product id=9cn0wnb94f517vb8z52u
1456688857> buy product id=2g3876hj4zs7zz55erzm
1456783488> buy product id=dprvq0fpmo35l0d1uy11
1456881910> buy product id=i6ltysovbqr949iftz58
1456663008> buy product id=088dqksic8dh5gzqplz5
1456361498> buy product id=d6abwowyqtfvr5pn6kun
1456904335> buy product id=8dp6fkq7twe2mdslmjif
1456338149> buy product id=xfporyaacmz2awaqsm4z
1456887077> buy product id=zhsfyuiyfcjgg5v3gda8
1456135568> buy product id=bkp96nak6idha9a8ea9c
1456731514> buy product id=nil4eb014m57vabnbuc3
1456501317> buy product id=bc595ztbdn4t18o27d8d
1456805557> buy product id=zwdrsjb2cxvgchnkta78
1456708806> buy product id=sxodecgx6cmw47gwgj9y
1456542125> buy product id=2m1up5vu4dqe1uxa1lv3
1456489617> buy product id=photal3n926h7kwul9k8
1456396108> buy product id=f6bot4spwt7qyb8ud8p3
1456289703> buy product id=nuas7ua1dtlco46fznym
1456548381> buy product id=es15u350yu94x0izj6ex
1456535922> buy product id=pykb5zukkyuybn0jq4uc
1456367908> buy product id=fwkcj2iwsownkffcubki
1456729024> buy product id=f9ccprioi2jk2kveahu1
1456975082> buy product id=kju3jgr5fi7lr3rzhb65
1456059186> buy product id=fvsjw86km318odrum8mp
1456649556> buy product id=8lz08wawn5fe5xfjx5zw
1456859406> buy product id=cf96qir6iyiqus28pgb0
1456615867> buy product id=0hak12gszk7mszrg5m7k
1456460603> buy product id=kgfeqf0zl3nja7du8jkv
1456817082> buy product id=3sg9nqnh18yfihhilygf
1456845831> buy product id=lxv5yzegbc6wq0efi0ks
1456308786> buy product id=diiym7kh2lu6bimcdqu0
1456368323> buy product id=dzk0do33iossfu11xuiz
1456235194> buy product id=th7zfo6q0mzhjp874hod
1456169001> buy product id=roi2fkx5g4bfxwbjt7z1
1456973166> buy product id=4o233awxab79q08ud678
1456030201> buy product id=4tx56z1876v7q6f0zdif
1456345616> buy product id=qbyy23y2oiepg4tfrfy6
1456231544> buy product id=dtg4p8lm5ta03fg5auey
1456317167> buy product id=0xq918k92hfvt7n15nyc
1456394271> buy product id=fncmqwhc7ns5vkzv2q4z
1456742620> buy product id=2dmrx7ndjitv4bhp2q2i
1456786538> buy product id=grlriojwd8qvo3qzdpog
1456649656> buy product id=qw61we3hx6wou9j71lnv
1456980645> buy product id=maveqvrc0k6u2sl8d16b
1456031687> buy product id=qju80d02wl4e73sjxo2t
1456276026> buy product id=2scjyiov98k7ucngaco0
1456044128> buy product id=edupb5ou5ebqtv3envmt
1456438991> buy product id=8gvasbhq7e5aejl5933d
1456852054> buy product id=k83wvhd0espj2s5vp2au
1456146006> buy product id=umpda6jf1ucoy1jf8btf
1456875419> buy product id=ospror5hpiz2djp5jo89
1456530215> buy product id=rxuzsyrzpieuntotzklq
1456322830> buy product id=mmovl2hol7fvygh7il47
1456623022> buy product id=4a53pkg61pbeb8qcueeb
1456822073> buy product id=v4643qr8vu0cm2eu96aq
1456337260> buy product id=6bpy9pk30qu4uyazkt1n
1456034198> buy product id=1a83z3jzn5x7na9owe94
1456514786> buy product id=r2f5tlcfn153mqz0ffu9
1456213245> buy product id=1204u98yj2kb3fxz86n1
1456456331> buy product id=g9ws8v1eifhokunb72vt
1456951400> buy product id=eg2d49yrfxj7c490rsdf
1456190091> buy product id=cenvz0hinoagj9tqtwxy
1456401331> buy product id=pfk7woa9sld0eqmnkbyu
1456228843> buy product id=cj7k6bgdo3t9hy7c8ixh
1456177983> buy product id=ak35c5olgoxv3mvhnaau
1456521092> buy product id=86gku6voztn4c6py840b
1456238926> buy product id=syp94nhcgxqolndf0gsm
1456826579> buy product id=9iabhml7rhyux78b2hxj
1456648993> buy product id=puizgjbpx415zzwnm0k9
1456533763> buy product id=d4uchok1pa0maw9tm54s
1456331601> buy product id=fozztfbbikzmxwz3j36g
1456789054> buy product id=7k6vp1mnk77skreyhtel
1456811925> buy product id=mi4jyz7xvowaf3eriky8
1456894862> buy product id=e9zmypsbxn2zti6zelbv
1456642753> buy product id=45ismg6w89qyf03ff4mw
1456468777> buy product id=g1gmn7eiec13052sxq5d
1456130986> buy product id=xf24ljdraswkdtmlybdy
1456719314> buy product id=se4aqpjacmsyj1xng512
1456212682> buy product id=j52wjkr8h5mflsdpe09h
1456268813> buy product id=p1im83l0j7buu2a3ovld
1456920303> buy product id=34tnfizy0ojhykk26qpr
1456104530> buy product id=x0jnyyugnyd82ssz4b1i
1456892382> buy product id=yn3wbc8seajbrdf8jrep
1456562164> buy product id=7u5g8ol5ek07mg9f2rr4
1456450949> buy product id=71kbs4w6j2oi9bzzhhsf
1456776341> buy product id=zsiag783afq8egkmb4i6
1456629518> buy product id=33zdyz7dv1badephjyel
1456403683> buy product id=am0hkggak5yu90lvcgsg
1456490168> buy product id=bscide59vnd75wci6qff
1456821410> buy product id=dun45s53dbfpttms6zdl
1456582545> buy product id=bz6ctz7z8vrb6dloh1x0
1456020379> buy product id=uhbliv32saqmhuv8jete
1456050537> buy product id=0gs5bt0vxls4beli726k
1456385926> buy product id=lhm380r1lkfjchx47khc
1456824094> buy product id=gclmto90dmifztaa65qi
1456550206> buy product id=z93sdgyb4kbxseflgide
1456244963> buy product id=yn3vzhbr2ur62daf53ce
1456840779> buy product id=7r2i4q3amc5c19li68aa
1456045425> buy product id=y0efto3dl1g7203bhs8z
1456816900> buy product id=misovf7xctgxkmm8m0se
1456464540> buy product id=jlo5or2prqvnnptwa4ey
1456542506> buy product id=v34c4d7e58kpz14afy57
1456416407> buy product id=omqi71tijwg5h8oysng2
1456953814> buy product id=nfykosossja038g77c8u
1456746459> buy product id=laqutwg7766y0od3npf9
1456823210> buy product id=2paf990maxt27j46ebbg
1456212751> buy product id=2kz321hc58fj2x5nz6dz
1456832415> buy product id=rbpugiclxzan9pxxo9iy
1456469555> buy product id=ubpvrwsr3y40vduanlw0
1456219134> buy product id=jf617y4taaom95ixgiu9
1456146920> buy product id=7tqsej2da6gueej3cttz
1456942244> buy product id=s692feo2v8pvvkbgswi2
1456842346> buy product id=0h5wgn98r1483vxcitd7
1456082413> buy product id=jxyzy5licxaiau6gray5
1456137843> buy product id=8y4iwd9dw7hpcpfzzrrl
1456540960> buy product id=rn4gl5296450dvvdf7dc
1456493818> buy product id=1tcx2n5ha8a0rtf4e1ke
1456564596> buy product id=6we9oi5ij1tlzffsi1ko
1456981583> buy product id=iuqx5rguj1z21efcqgoy
1456394004> buy product id=43cggcrv9n3lgh7bor07
1456866005> buy product id=g0i14mgffq5iri63p6gd
1456331872> buy product id=pr7q3w1y67zy2aofbwcn
1456801739> buy product id=k2dm0jb9jnp1tow7l40p
1456949245> buy product id=59aw25nrlltt2p0ftsiw
1456463752> buy product id=4ky32ic4l6jaz0umav8y
1456656615> buy product id=py08tvs0xoq5w4hub9es
1456361361> buy product id=x9dv692av2j6yntnk0hz
1456783066> buy product id=mwocpby15m75a2hbtff2
1456264168> buy product id=8szdiy8s6voi4gl8h6af
1456557403> buy product id=het5cb8c4klhvw0og792
1456812901> buy product id=7xczj9md0q0dqgi1ahcn
1456002832> buy product id=1ec8lbk9ovwd19tk7k0m
1456010859> buy product id=0121pi3kwxhm2a3sokzh
1456570849> buy product id=58xfyqtkbbvza00vvex0
1456388622> buy product id=2wteqipl0o0jy7n7hkjp
1456569453> buy product id=wc6jfctrnd6itln5tk06
1456521529> buy product id=76ojkx157bbgmfpm7okh
1456623707> buy product id=ihv4dlqncbtsihszunrk
1456320616> buy product id=qwc7tcoqc41bh0key3g4
1456389886> buy product id=cebg55vypzmv5e8vm664
1456330264> buy product id=safgy7fqpbe4x0fmek6r
1456755553> buy product id=okr2z1fncgeq9qlp4ub5
1456239041> buy product id=ucca4zqt9zeopvc8dt82
1456816567> buy product id=axqldfgvy3p0e4e8bzbr
1456573781> buy product id=b1qvltu6m60s50l0p5ss
1456317702> buy product id=czkfmwgvrilmkop695qd
1456432211> buy product id=ile2opmpo5w2g51qbe96
1456830259> buy product id=wmt9mkp4phmu1gaombth
1456137540> buy product id=vpk2n6yfbxzf5am30gan
1456299031> buy product id=nv0aeyihmulestaoyfnl
1456889326> buy product id=6uy8onwlevpw4cer832c
1456888540> buy product id=8nag448yxrg5lp5vxxgo
1456688987> buy product id=b8rnaf33eoe207niy637
1456133026> buy product id=ayj4lp39ptbwzw5w2qr8
1456066715> buy product id=qeap5rrnedokh18xjtsw
1456967501> buy product id=4qtaoormkolht3hpdgu3
1456197413> buy product id=wel5ydz5znvnqzf363zy
1456691538> buy product id=kwyt1cie41akboba0ehn
1456729945> buy product id=yh6a1b5u7t840mka8b6d
1456637536> buy product id=8eca451515vxo54hota3
1456924454> buy product id=8m2m0g7gs1tw2tnllgvc
1456344496> buy product id=siwrx9xf8khm3r3e410e
1456232195> buy product id=cbtwshw1uv56r8dgykel
1456064663> buy product id=gxsblrf4p84h76r9tcuy
1456297113> buy product id=plbhl8yrtmtbu31eyen6
1456732881> buy product id=2j9vug5et6tca85vb8ra
1456985450> buy product id=hcxepnsquijzwzk8eiea
1456647050> buy product id=vrnt2hx8l5plypl0idpw
1456074982> buy product id=ka77vq4hpbfzdgu10wv8
1456523563> buy product id=875917yhjcbsifq1zro5
1456980479> buy product id=8ghv8gi5qmap4ta20bza
1456588551> buy product id=nnqat00w93x3y9w77r6h
1456253144> buy product id=ctaoaxcm4qssqug0bn0m
1456409737> buy product id=jilxmqia5tedlevj54j2
1456820026> buy product id=jbp7a7xmp51h327sudq7
1456677356> buy product id=34osb7w2t397lomb96mx
1456912453> buy product id=19piar1jkjlrld87js91
1456282977> buy product id=fpup7ducowx4f0x399wf
1456380370> buy product id=nxs0qlk0ma1uey6ra2el
1456165118> buy product id=j2dt1uf1tkjfdm2avtqu
1456229909> buy product id=wtkl5yu616xslz4y70g7
1456342909> buy product id=c9dizwr2kp6kay8w9xde
1456536383> buy product id=q6ws1lpu3vvh2x0n3c1j
1456923149> buy product id=d6btqfqa4fz6766bmhlk
1456974384> buy product id=or44mqofox4pvg3d1es1
1456981803> buy product id=ll10x8v7f6vjlebu72uh
1456289754> buy product id=uddwyhvgulo34k61rnul
1456675497> buy product id=ojuczeogmk3fjucpbjqu
1456706412> buy product id=56ti6506cncqwq9o8jkm
1456821157> buy product id=tcgyn6c50to05beqg0hk
1456813756> buy product id=s591e71n608243u203ph
1456593508> buy product id=b89fest85oqx6xzt6p8s
1456856924> buy product id=e6az6ewn5q3u19mf0aab
1456007703> buy product id=tk2pbkn0a1kreucpdh1l
1456413125> buy product id=o3tl42rw59jh3elg1qhc
1456216952> buy product id=ro339t76xkta4hst2hb8
1456794976> buy product id=xz4xxkqs80q39srklxke
1456455253> buy product id=od50ebg9olqli01vaeb7
1456285196> buy product id=o2loeui9pov7mgx1rziq
1456428316> buy product id=hzct0uy3hbkbaaw8cr6g
1456322890> buy product id=uvsb3m0don75m4yq5dah
1456797119> buy product id=cqr9rf16pwdn20x1gfz4
1456175733> buy product id=s42l1xtjzdjxqt877eg8
1456555424> buy product id=e8p3xhnwqsiy1zlvz5zo
1456700529> buy product id=oq8ukg385jr1iietyzjx
1456696434> buy product id=skedpnf8myo66z6iy4st
1456949994> buy product id=9hnunv1ebp9ftt97sd9t
1456205244> buy product id=n9om5qln6z2zde5e1c3q
1456259154> buy product id=lr3gg61rem34bzqa7nox
1456315023> buy product id=2sm7fp3jsfqvqyeno6d8
1456816078> buy product id=b1f6a0dbwta2n6ap3fxe
1456304708> buy product id=jsntq283oxdx3tj8rlrj
1456986157> buy product id=kwdq2ajxf85ra07c46nr
1456603877> buy product id=kciziwzisekuh3h6dhk7
1456352834> buy product id=bx3uzb12hdfomjd02unf
1456246615> buy product id=lkvwk8juxgyhh7hzgf0r
1456746184> buy product id=sp1bz143s5cupj7au8d8
1456206594> buy product id=tasxb4qgbhrxomirycrx
1456649418> buy product id=rvmdst1h87rjm3khv65o
1456254782> buy product id=1xql8sm16h1mq3ur7t9c
1456702575> buy product id=t5fpcmiiu8duv29zf86w
1456574938> buy product id=wtopvcb8qj73icx4dajh
1456866667> buy product id=4q27qsr7n2akjqqtm8ka
1456848688> buy product id=tndvumzch7rz1laimdhq
1456997070> buy product id=u0runwboqf1bk9rt0xkl
1456220455> buy product id=xihq4w27afx2j4yynqdr
1456634706> buy product id=smmmhlsaml6685o0sizc
1456625900> buy product id=srsu0xsibdrqesqql9cr
1456739227> buy product id=fga8a1fknoigdg3k87zr
1456023877> buy product id=m7tef5yjui6txri6ek77
1456072787> buy product id=lkrgsofiu3k0aum1oykh
1456853636> buy product id=7uyzdgp97y0ndcw1vo76
1456784370> buy product id=o28ccr7docu5wgacfkv4
1456181023> buy product id=uti3by4b2wv61zz328sn
1456245839> buy product id=sd4h7gsv8uiqvmgsce4b
1456802395> buy product id=lp7eo7soc2px3na0fawo
1456955746> buy product id=xhjhwu8aox4bb023m04f
1456201799> buy product id=2y8i0fsj99qt41pd43m4
1456757063> buy product id=dmzuhhpte8bj02h6rmbf
1456862621> buy product id=33dlowut7cesa2figi3p
1456931068> buy product id=u7mtujg85subh6i0kpy1
1456252932> buy product id=wi70lfwwpo71r7solljr
1456705064> buy product id=3j13u3on0vwvckq46sys
1456303914> buy product id=rlr5w9oj0xtns5x4ttiw
1456411927> buy product id=4tlh3c5rfr8yo59s6o4o
1456742517> buy product id=xn0838spofmxzqhjwj1g
1456075230> buy product id=f7aoag45pu9nymxao42s
1456811359> buy product id=d40czjiwnj7u3fgj836g
1456763490> buy product id=o1w9lny7vp2yirwginjh
1456229305> buy product id=o5lpj1snw1ta9md9yua8
1456815845> buy product id=ld3clxh7f62ur2g2hbt2
1456764528> buy product id=ror8y1o1wlhe7zj37sac
1456472430> buy product id=woe4wrgdefkuwxcyecyt
1456260345> buy product id=0vs2mv3cyn426050oazy
1456150791> buy product id=h2rb7r2w8i2c4zpn9adb
1456776027> buy product id=fwo6dj4bcnrttc4d3961
1456796615> buy product id=uh76b0idfekkwns9rot5
1456120507> buy product id=wcrz0ivxcoot0ikthaaw
1456216274> buy product id=dz4ag3v0my8juw270glo
1456127147> buy product id=m6gpaulladuci6ej0h4x
1456589215> buy product id=efyp8doqs1xpqiofqxau
1456351272> buy product id=wgl7e1pqswifn6gzhjw9
1456672168> buy product id=vv4gr26l2vlvwi2kdomo
1456670041> buy product id=ztwq1yhsq1mu2lixr72r
1456652963> buy product id=p4rp6h4bcmg0ewk4lie2
1456245872> buy product id=0o4q53v09ipamib2kjv4
1456057979> buy product id=8rbljiteu8rbh69r009b
1456270249> buy product id=7ff7t7wwmz242vvtre6u
1456565291> buy product id=2bfuy61hghepwt1ggj0m
1456604874> buy product id=2b3ce39w1grke1qon8at
1456917305> buy product id=amus1e6uo7xpr6mmhjeq
1456377516> buy product id=e2erekpklr8oqssu48fw
1456357931> buy product id=90pq7idbkvaqez8qqgfq
1456325799> buy product id=jhk69zoleev48zhdyp4z
1456349080> buy product id=jvbfk9jgqent4faetldf
1456272080> buy product id=bfotjty5w7yqib4bsd0e
1456369827> buy product id=gjv69vsdt51ccnoxfsgd
1456204429> buy product id=dfhmxfymksxqh7bwmphm
1456933644> buy product id=xxehpcq22pltg3h8r48n
1456112154> buy product id=akv3a7ib5k0g08ynnfxw
1456647509> buy product id=23qplehggvtynq8sy54b
1456699873> buy product id=zdpm25dm9sqmesgcqcgs
1456279730> buy product id=qzdqgp2jecmwvnqjo8s3
1456229489> buy product id=2buxjru759nb8app2knk
1456887032> buy product id=pjeximl5fs22wje784ym
1456062513> buy product id=lthf4ks433f1f1xo2qol
1456857087> buy product id=oqibbxdbns31hhcv0dzs
1456922119> buy product id=li9kc0bkm74vrqsnu5wv
1456291659> buy product id=unu2lkyleqlr53834wjw
1456432755> buy product id=gkoi04jbflg39w6qu8wi
1456642714> buy product id=a8efju57wuli7uwx2ats
1456254530> buy product id=zb11dg3p3eqx8lvie4ix
1456081559> buy product id=c9m4bmg5suvdavcxhfg9
1456441765> buy product id=5qinp154yqy4uvqivtpg
1456023580> buy product id=js8zxh3lnp1hmxbt7b4d
1456659936> buy product id=ogc9cmmt8xwj1viq7z2u
1456582541> buy product id=bi34h7m1yl5j6fozn6yh
1456267965> buy product id=gpg2q4bkniqrc8vwvghx
1456478307> buy product id=1cy6u1650l1cbyev3i4h
1456024558> buy product id=xhqm2jh16eayd45hf4zq
1456267009> buy product id=qorp65mt3q4l5ihv1kuc
1456005700> buy product id=qjh1aume4t0tk7jcvo3y
1456699308> buy product id=c3v603628m9tg141ftbk
1456978911> buy product id=r0zjsmtq9jozfvmw0vtl
1456403426> buy product id=2z9xmjkq23trsnkin4k8
1456560574> buy product id=ii2l053s9e1lvk1xya6e
1456178392> buy product id=pzlfcnqr6wpeba667jv4
1456536348> buy product id=x6al30qnjrjafed1u8fk
1456630464> buy product id=n2oa40sa3hdhaiuggxtp
1456900277> buy product id=28k2v9xklvcma0j9y1ss
1456391446> buy product id=oerp5agzun5c483n03yg
1456947157> buy product id=q9tqg7drcb4obsiy3fie
1456569517> buy product id=mj1lsejeabf14yjuspen
1456507253> buy product id=pvy09ezsi1zl57ak5ps2
1456420338> buy product id=fov8hes3rnup3m6r5x18
1456389422> buy product id=orxeq9bvyojy8nod4k4m
1456214370> buy product id=i0uerwqyylqrz3tlpt6q
1456522317> buy product id=ow631hkk47qpb1ug33h8
1456263366> buy product id=uk429m3kprz9irhyn6de
1456980853> buy product id=tybp0u3ki52r0jo7zvd6
1456901655> buy product id=dvetcnj8lzhl4vkox10l
1456857282> buy product id=w18m3qprw79nl58j4p4u
1456410622> buy product id=ppi68rnikqbc6h8rfvzz
1456727880> buy product id=m3ypb8veuvp076z7l6yo
1456742242> buy product id=xq8ed8self61d29wc0hj
1456570792> buy product id=k8b802nv1iavkd1keilg
1456317407> buy product id=ie4yah9uqivjcnw3fsxs
1456843045> buy product id=96wm0fz3uk4bcm7vkg9u
1456608704> buy product id=5t5w29gp7afnw6j5qep2
1456088645> buy product id=qyeltfh92x0a13vkeb8x
1456122147> buy product id=8m6xjwc3m5b5a9bwmrkn
1456037187> buy product id=siz9x9cu5ly4zdcl7het
1456139269> buy product id=etku5zn1t1c216mwnw84
1456926983> buy product id=o0ppdw02gnpylubpyfdz
1456755266> buy product id=guw1eba3tepuefbdl1hx
1456131436> buy product id=o7ubwmzi86qnxnzw8kgv
1456268746> buy product id=m13ocyvitgy4bbha2fmm
1456032269> buy product id=7ip4xhq5ihuzw8dgjnjs
1456128877> buy product id=8n2lq1ytyh1741sngqge
1456493621> buy product id=x1n9skln9garwnusqft6
1456573332> buy product id=1um919c1ml3x9qi5hh2g
1456855557> buy product id=kf4h6s1dlr2p7grobure
1456295987> buy product id=3h63k0v2cnhykq5q6kx7
1456248623> buy product id=oxu2azivgvjygjx3gb57
1456402628> buy product id=qjr71b54p2gz7z6tvcgf
1456821762> buy product id=fjmw8t3o778yhdpii2rd
1456997543> buy product id=2faik2oj92nlussgdsj7
1456118570> buy product id=dmqjrfssrq0e1usnaeaz
1456414507> buy product id=yc4zsu5ob084v7bnor70
1456032607> buy product id=getukab84pfftnlktup9
1456230959> buy product id=n8wbda0209bshwtmo6b3
1456709721> buy product id=d5ighzqvehyw46k7fglx
1456006314> buy product id=vtrdhir1jchfy7brwrlj
1456563217> buy product id=ajazce0w70vfu5ie2eop
1456745039> buy product id=e7zgyz4mgssvbe0b9tlj
1456626219> buy product id=zp7vc3g6gb2ogde486uz
1456727091> buy product id=a5usvwsz7yjzvze9kmme
1456812699> buy product id=ckdel8nx4v8pm03qnk95
1456238418> buy product id=ycg5q7oxizanwe77t28e
1456656900> buy product id=ql03r6scrbrxnovp74j4
1456035589> buy product id=e4nzba3lnoifs1ae99xd
1456499125> buy product id=dn7yph5n6l3wmpkqncjl
1456636697> buy product id=5zgw04qesk6j5h9imvn4
1456824024> buy product id=ejt1mdzt0s6hnwk5jxtv
1456398654> buy product id=bnoynxjm9ren63v6hb7l
1456001512> buy product id=940dkfkxgwnn09n1u1ah
1456004549> buy product id=p9dx7zncvjylt7hdmds4
1456123407> buy product id=237ejcuztyid48s5mnjt
1456311105> buy product id=k0x4w5ajj1hmus25zkur
1456854540> buy product id=di8hv7idnettcbw85azo
1456127053> buy product id=otih2xzeglmeiejghgrb
1456284690> buy product id=whufpsb0kq2z6lkmjhwh
1456738182> buy product id=z1sl9gp2w5kcvrm6gsqm
1456522869> buy product id=g8qrw3i3w5akhse350ye
1456385067> buy product id=lonkgbs9gr4hmyuvxwqj
1456551171> buy product id=oaxp4lwzj0qygzzznss5
1456145823> buy product id=gzxsmd7o6a1e2mphvfk3
1456971978> buy product id=br7sr4calyb0tuw5d6jb
1456586965> buy product id=b2d2e90eoa7llyomt4h7
1456498533> buy product id=09quohpee48dlsncht4x
1456277515> buy product id=phj700vfd6flcuurugp1
1456976474> buy product id=iv8vfaq1yg2ysdzp6zc7
1456015407> buy product id=16slrk513afiyahaknex
1456444830> buy product id=zunpc5xze4dabfg3kj86
1456257673> buy product id=6sfnul0qgrev2jubkc40
1456578288> buy product id=sni0qjjqzz5n7spsp7w8
1456698420> buy product id=pkc9qu0o3t5oqg4u367n
1456778912> buy product id=7rsy1f548khdb0bpdhx4
1456905820> buy product id=zrvuwt2ggkw3vpkelq75
1456941782> buy product id=t6uee7b6ba0p5hsi1f16
1456429345> buy product id=v36q13fwuqi16ota7b6e
1456188882> buy product id=2qylxszl0odr1tvm11nz
1456524140> buy product id=dir5dr9z2u20d3sp9jah
1456124307> buy product id=a9rvk4fw570ev6g5v9pm
1456656815> buy product id=p49uqdo78hzboamfngo9
1456225316> buy product id=3z3174u758i58oz8znbs
1456986150> buy product id=afr62mrkxopfonq31qt5
1456239188> buy product id=b4mpwe4sashsmj0x3t3t
1456662656> buy product id=o101l6mu6w8dafwnp5xv
1456543466> buy product id=wmhzluvfnrb5shvhpuj1
1456542222> buy product id=qkd42kjm1xmmsx4zdq2e
1456293643> buy product id=wvu180il5yk53571ztvv
1456786262> buy product id=4u7np23a6upuc997q4hh
1456759532> buy product id=c3ygmfi7m6p0ne9ni5ty
1456681142> buy product id=bm8g3a0mm61rvfvfi4u9
1456698345> buy product id=9se39e4zmw21cwpzkhir
1456450287> buy product id=tkso1yjwlr7qkpqd6cka
1456633429> buy product id=jn5t1ab0f16fsv8czwnf
1456473803> buy product id=x4fp9am27ypvrowx0z6i
1456319440> buy product id=hfz53bsyuhjdeiitpsx9
1456979498> buy product id=vkxf03q4fagvgucyax61
1456385819> buy product id=j3sascz4c8mwef66snla
1456316064> buy product id=u12tg9xbp8c1b2820ah6
1456561164> buy product id=3us4raxttbsio6lg22em
1456943698> buy product id=bopf8pj8jqv20gp1z2sj
1456182838> buy product id=ix7wsndx69pijhcemubg
1456229954> buy product id=di6fqjeymrrahykqy3et
1456210727> buy product id=0uzrtikh0s455qjdltd6
1456931061> buy product id=k5krijfwpj8sqwknwkjn
1456143637> buy product id=ilbq2atoyj3zry6p72tx
1456271862> buy product id=640mfwwebf6vl714z6zk
1456519746> buy product id=4o3nkg7prv1f60erivw5
1456173294> buy product id=3mhorehpipcverokc8gf
1456365276> buy product id=4tnyuwtguqprfj67bi8g
1456261651> buy product id=9wiw7poedz4krkt21bjq
1456126437> buy product id=a1vywemuwcg1pwfjy742